> Task :processResources
> Task :MessageKit:processResources NO-SOURCE
> Task :MessageKit:compileKotlin
> Task :MessageKit:compileJava NO-SOURCE
> Task :MessageKit:classes UP-TO-DATE
> Task :MessageKit:inspectClassesForKotlinIC
> Task :MessageKit:jar
> Task :compileKotlin
> Task :compileJava NO-SOURCE
> Task :classes

> Task :run
2022-05-10 21:18:10.826 [main] INFO  ktor.application - Autoreload is disabled because the development mode is off.
2022-05-10 21:18:10.902 [main] INFO  ktor.application - Application auto-reloaded in 0.071 seconds.
2022-05-10 21:18:11.127 [DefaultDispatcher-worker-1] INFO  ktor.application - Responding at http://0.0.0.0:8080
2022-05-10 21:18:49.881 [eventLoopGroupProxy-3-4] INFO  ktor.application - Robot Zenobia logged in successfully
2022-05-10 21:18:59.223 [eventLoopGroupProxy-3-2] INFO  ktor.application - Robot Claudius logged in successfully
2022-05-10 21:19:43.150 [eventLoopGroupProxy-3-6] INFO  ktor.application - Robot Claudius logged in successfully
2022-05-10 21:19:52.441 [eventLoopGroupProxy-3-1] INFO  ktor.application - Robot Zenobia logged in successfully
2022-05-10 21:19:55.199 [eventLoopGroupProxy-3-4] INFO  ktor.application - Routing message Work Message FROM [Zenobia] TO Claudius]
2022-05-10 21:19:55.217 [eventLoopGroupProxy-3-1] INFO  ktor.application - Routing message Response for Work Message FROM [Claudius] TO Zenobia]
2022-05-10 21:19:55.232 [eventLoopGroupProxy-3-5] INFO  ktor.application - Routing message Work Message FROM [Zenobia] TO Claudius]
2022-05-10 21:19:55.239 [eventLoopGroupProxy-3-2] INFO  ktor.application - Routing message Response for Work Message FROM [Claudius] TO Zenobia]
2022-05-10 21:19:55.247 [eventLoopGroupProxy-3-6] INFO  ktor.application - Routing message Work Message FROM [Zenobia] TO Claudius]
2022-05-10 21:19:55.255 [eventLoopGroupProxy-3-3] INFO  ktor.application - Routing message Response for Work Message FROM [Claudius] TO Zenobia]
2022-05-10 21:19:55.264 [eventLoopGroupProxy-3-7] INFO  ktor.application - Routing message Work Message FROM [Zenobia] TO Claudius]
2022-05-10 21:19:55.274 [eventLoopGroupProxy-3-4] INFO  ktor.application - Routing message Response for Work Message FROM [Claudius] TO Zenobia]
2022-05-10 21:19:55.282 [eventLoopGroupProxy-3-1] INFO  ktor.application - Routing message Work Message FROM [Zenobia] TO Claudius]
2022-05-10 21:19:55.289 [eventLoopGroupProxy-3-5] INFO  ktor.application - Routing message Response for Work Message FROM [Claudius] TO Zenobia]
2022-05-10 21:19:55.297 [eventLoopGroupProxy-3-2] INFO  ktor.application - Routing message Work Message FROM [Zenobia] TO Claudius]
2022-05-10 21:19:55.304 [eventLoopGroupProxy-3-6] INFO  ktor.application - Routing message Response for Work Message FROM [Claudius] TO Zenobia]
2022-05-10 21:19:55.311 [eventLoopGroupProxy-3-3] INFO  ktor.application - Routing message Work Message FROM [Zenobia] TO Claudius]
2022-05-10 21:19:55.320 [eventLoopGroupProxy-3-7] INFO  ktor.application - Routing message Response for Work Message FROM [Claudius] TO Zenobia]
2022-05-10 21:19:55.328 [eventLoopGroupProxy-3-4] INFO  ktor.application - Routing message Work Message FROM [Zenobia] TO Claudius]
2022-05-10 21:19:55.337 [eventLoopGroupProxy-3-1] INFO  ktor.application - Routing message Response for Work Message FROM [Claudius] TO Zenobia]
2022-05-10 21:19:55.347 [eventLoopGroupProxy-3-5] INFO  ktor.application - Routing message Work Message FROM [Zenobia] TO Claudius]
2022-05-10 21:19:55.358 [eventLoopGroupProxy-3-2] INFO  ktor.application - Routing message Response for Work Message FROM [Claudius] TO Zenobia]
